<?xml version="1.0" encoding="UTF-8"?>
<testsuite name="com.springboot.service.ServiceTest" time="0.65" tests="4" errors="0" skipped="0" failures="1">
  <properties>
[...]
</properties>
  <testcase name="testFindOne" classname="com.springboot.service.ServiceTest" time="0"/>
  <testcase name="testBook" classname="com.springboot.service.ServiceTest" time="0.201"/>
  <testcase name="testUpdateBook" classname="com.springboot.service.ServiceTest" time="0.289"/>
  <testcase name="testDeleteBook" classname="com.springboot.service.ServiceTest" time="0.16">
    <failure type="java.lang.AssertionError:">java.lang.AssertionError: null
	at org.junit.Assert.fail(Assert.java:86)
	at org.junit.Assert.assertTrue(Assert.java:41)
	at org.junit.Assert.assertTrue(Assert.java:52)
	at com.springboot.service.ServiceTest.testDeleteBook(ServiceTest.java:96)
</failure>
    <system-out><![CDATA[2018-10-20 11:57:05.843  INFO 10372 --- [           main] o.s.t.c.transaction.TransactionContext   : Began transaction (1) for test context [DefaultTestContext@4d4960c8 testClass = ServiceTest, testInstance = com.springboot.service.ServiceTest@1d4664d7, testMethod = testDeleteBook@ServiceTest, testException = [null], mergedContextConfiguration = [MergedContextConfiguration@773bd77b testClass = ServiceTest, locations = '{}', classes = '{class com.springboot.main.Application}', contextInitializerClasses = '[]', activeProfiles = '{}', propertySourceLocations = '{}', propertySourceProperties = '{}', contextLoader = 'org.springframework.boot.test.SpringApplicationContextLoader', parent = [null]]]; transaction manager [org.springframework.jdbc.datasource.DataSourceTransactionManager@4b6ac111]; rollback [true]
connection closed in deleteBook
2018-10-20 11:57:05.861  INFO 10372 --- [           main] o.s.t.c.transaction.TransactionContext   : Rolled back transaction for test context [DefaultTestContext@4d4960c8 testClass = ServiceTest, testInstance = com.springboot.service.ServiceTest@1d4664d7, testMethod = testDeleteBook@ServiceTest, testException = java.lang.AssertionError, mergedContextConfiguration = [MergedContextConfiguration@773bd77b testClass = ServiceTest, locations = '{}', classes = '{class com.springboot.main.Application}', contextInitializerClasses = '[]', activeProfiles = '{}', propertySourceLocations = '{}', propertySourceProperties = '{}', contextLoader = 'org.springframework.boot.test.SpringApplicationContextLoader', parent = [null]]].
]]></system-out>
  </testcase>
</testsuite>